Aligning contigs to reference...
	Aligning contigs to the reference
Filtering alignments...
Parsing coords...
Loading reference...
	Loaded [mers_ENA_KT006149_KT006149.2]
	Total Regions: 1
	Total Region Length: 30114
Analyzing contigs...
CONTIG: 0 (2387bp)
Best alignment score: 2303.1 (LEN: 2328, IDY: 98.93), Total number of alignments: 1
			Looking for the best set of alignments (out of 1 total alignments)
			The best set is below. Score: 2303.1, number of alignments: 1, unaligned bases: 59
		Alignment: 23889 26216 | 1 2328 | 2328 2328 | 98.93 | mers_ENA_KT006149_KT006149.2 0

CONTIG: 1 (15329bp)
Best alignment score: 15278.4 (LEN: 15329, IDY: 99.67), Total number of alignments: 1
		One align captures most of this contig: 9334 24662 | 15329 1 | 15329 15329 | 99.67 | mers_ENA_KT006149_KT006149.2 1

CONTIG: 2 (14874bp)
Best alignment score: 14828.4 (LEN: 14873, IDY: 99.70), Total number of alignments: 1
		One align captures most of this contig: 9334 24206 | 14874 2 | 14873 14873 | 99.7 | mers_ENA_KT006149_KT006149.2 2

CONTIG: 3 (617bp)
Best alignment score: 616.0 (LEN: 617, IDY: 99.84), Total number of alignments: 1
		One align captures most of this contig: 8674 9290 | 1 617 | 617 617 | 99.84 | mers_ENA_KT006149_KT006149.2 3

CONTIG: 4 (734bp)
Best alignment score: 715.0 (LEN: 727, IDY: 98.35), Total number of alignments: 1
		One align captures most of this contig: 25575 26301 | 728 2 | 727 727 | 98.35 | mers_ENA_KT006149_KT006149.2 4

CONTIG: 5 (503bp)
Best alignment score: 499.0 (LEN: 502, IDY: 99.40), Total number of alignments: 1
		One align captures most of this contig: 26373 26874 | 2 503 | 502 502 | 99.4 | mers_ENA_KT006149_KT006149.2 5

CONTIG: 6 (737bp)
Best alignment score: 731.0 (LEN: 737, IDY: 99.19), Total number of alignments: 1
		One align captures most of this contig: 7887 8623 | 737 1 | 737 737 | 99.19 | mers_ENA_KT006149_KT006149.2 6

CONTIG: 7 (596bp)
Best alignment score: 593.0 (LEN: 596, IDY: 99.50), Total number of alignments: 1
		One align captures most of this contig: 27241 27836 | 596 1 | 596 596 | 99.5 | mers_ENA_KT006149_KT006149.2 7

CONTIG: 8 (1098bp)
Best alignment score: 1079.0 (LEN: 1091, IDY: 98.90), Total number of alignments: 1
		One align captures most of this contig: 25575 26665 | 1092 2 | 1091 1091 | 98.9 | mers_ENA_KT006149_KT006149.2 8

CONTIG: 9 (616bp)
Best alignment score: 614.0 (LEN: 615, IDY: 99.84), Total number of alignments: 1
		One align captures most of this contig: 8675 9289 | 616 2 | 615 615 | 99.84 | mers_ENA_KT006149_KT006149.2 9

CONTIG: 10 (6103bp)
Best alignment score: 6069.0 (LEN: 6102, IDY: 99.46), Total number of alignments: 1
		One align captures most of this contig: 35 6136 | 2 6103 | 6102 6102 | 99.46 | mers_ENA_KT006149_KT006149.2 10

CONTIG: 11 (16942bp)
Best alignment score: 16812.8 (LEN: 16882, IDY: 99.59), Total number of alignments: 1
		One align captures most of this contig: 9335 26216 | 2 16883 | 16882 16882 | 99.59 | mers_ENA_KT006149_KT006149.2 11

CONTIG: 12 (778bp)
Best alignment score: 771.0 (LEN: 777, IDY: 99.23), Total number of alignments: 1
		One align captures most of this contig: 7846 8622 | 2 778 | 777 777 | 99.23 | mers_ENA_KT006149_KT006149.2 12

CONTIG: 13 (513bp)
Best alignment score: 511.0 (LEN: 513, IDY: 99.61), Total number of alignments: 1
		One align captures most of this contig: 27241 27753 | 513 1 | 513 513 | 99.61 | mers_ENA_KT006149_KT006149.2 13

CONTIG: 14 (6102bp)
Best alignment score: 6068.1 (LEN: 6101, IDY: 99.46), Total number of alignments: 1
		One align captures most of this contig: 36 6136 | 2 6102 | 6101 6101 | 99.46 | mers_ENA_KT006149_KT006149.2 14

CONTIG: 19 (518bp)
Best alignment score: 516.0 (LEN: 517, IDY: 99.81), Total number of alignments: 1
		One align captures most of this contig: 7350 7866 | 518 2 | 517 517 | 99.81 | mers_ENA_KT006149_KT006149.2 19

CONTIG: 21 (1111bp)
Best alignment score: 1101.0 (LEN: 1110, IDY: 99.19), Total number of alignments: 1
		One align captures most of this contig: 6206 7315 | 1111 2 | 1110 1110 | 99.19 | mers_ENA_KT006149_KT006149.2 21

CONTIG: 22 (1110bp)
Best alignment score: 1101.0 (LEN: 1109, IDY: 99.28), Total number of alignments: 1
		One align captures most of this contig: 6168 7276 | 2 1110 | 1109 1109 | 99.28 | mers_ENA_KT006149_KT006149.2 22

CONTIG: 23 (777bp)
Best alignment score: 770.0 (LEN: 776, IDY: 99.23), Total number of alignments: 1
		One align captures most of this contig: 7847 8622 | 2 777 | 776 776 | 99.23 | mers_ENA_KT006149_KT006149.2 23

CONTIG: 26 (681bp)
Best alignment score: 677.0 (LEN: 681, IDY: 99.41), Total number of alignments: 1
		One align captures most of this contig: 27725 28405 | 681 1 | 681 681 | 99.41 | mers_ENA_KT006149_KT006149.2 26

CONTIG: 27 (736bp)
Best alignment score: 729.0 (LEN: 735, IDY: 99.18), Total number of alignments: 1
		One align captures most of this contig: 7887 8621 | 736 2 | 735 735 | 99.18 | mers_ENA_KT006149_KT006149.2 27

CONTIG: 28 (1111bp)
Best alignment score: 1101.0 (LEN: 1109, IDY: 99.28), Total number of alignments: 1
		One align captures most of this contig: 6168 7276 | 3 1111 | 1109 1109 | 99.28 | mers_ENA_KT006149_KT006149.2 28

CONTIG: 29 (617bp)
Best alignment score: 616.0 (LEN: 617, IDY: 99.84), Total number of alignments: 1
		One align captures most of this contig: 8675 9291 | 617 1 | 617 617 | 99.84 | mers_ENA_KT006149_KT006149.2 29

CONTIG: 30 (13414bp)
Best alignment score: 13375.1 (LEN: 13414, IDY: 99.71), Total number of alignments: 1
		One align captures most of this contig: 9334 22746 | 13414 1 | 13413 13414 | 99.71 | mers_ENA_KT006149_KT006149.2 30

CONTIG: 31 (507bp)
Best alignment score: 501.0 (LEN: 506, IDY: 99.01), Total number of alignments: 1
		One align captures most of this contig: 27870 28375 | 2 507 | 506 506 | 99.01 | mers_ENA_KT006149_KT006149.2 31

CONTIG: 32 (16943bp)
Best alignment score: 16814.8 (LEN: 16884, IDY: 99.59), Total number of alignments: 1
		One align captures most of this contig: 9333 26216 | 1 16884 | 16884 16884 | 99.59 | mers_ENA_KT006149_KT006149.2 32

CONTIG: 34 (1959bp)
Best alignment score: 1877.9 (LEN: 1899, IDY: 98.89), Total number of alignments: 1
			Looking for the best set of alignments (out of 1 total alignments)
			The best set is below. Score: 1877.9, number of alignments: 1, unaligned bases: 60
		Alignment: 24318 26216 | 2 1900 | 1899 1899 | 98.89 | mers_ENA_KT006149_KT006149.2 34

CONTIG: 35 (3608bp)
Best alignment score: 3516.1 (LEN: 3548, IDY: 99.10), Total number of alignments: 1
			Looking for the best set of alignments (out of 1 total alignments)
			The best set is below. Score: 3516.1, number of alignments: 1, unaligned bases: 60
		Alignment: 22670 26216 | 2 3549 | 3547 3548 | 99.1 | mers_ENA_KT006149_KT006149.2 35

CONTIG: 36 (517bp)
Best alignment score: 515.0 (LEN: 516, IDY: 99.81), Total number of alignments: 1
		One align captures most of this contig: 7350 7865 | 517 2 | 516 516 | 99.81 | mers_ENA_KT006149_KT006149.2 36

CONTIG: 37 (571bp)
Best alignment score: 568.0 (LEN: 570, IDY: 99.65), Total number of alignments: 1
		One align captures most of this contig: 27290 27859 | 2 571 | 570 570 | 99.65 | mers_ENA_KT006149_KT006149.2 37

CONTIG: 38 (765bp)
Best alignment score: 691.0 (LEN: 705, IDY: 98.01), Total number of alignments: 1
			Looking for the best set of alignments (out of 1 total alignments)
			The best set is below. Score: 691.0, number of alignments: 1, unaligned bases: 60
		Alignment: 25512 26216 | 2 706 | 705 705 | 98.01 | mers_ENA_KT006149_KT006149.2 38

CONTIG: 39 (6142bp)
Best alignment score: 6106.0 (LEN: 6141, IDY: 99.43), Total number of alignments: 1
		One align captures most of this contig: 36 6176 | 6142 2 | 6141 6141 | 99.43 | mers_ENA_KT006149_KT006149.2 39

CONTIG: 40 (1811bp)
Best alignment score: 1731.0 (LEN: 1752, IDY: 98.80), Total number of alignments: 1
			Looking for the best set of alignments (out of 1 total alignments)
			The best set is below. Score: 1731.0, number of alignments: 1, unaligned bases: 59
		Alignment: 24465 26216 | 1 1752 | 1752 1752 | 98.8 | mers_ENA_KT006149_KT006149.2 40

Analyzing coverage...
Writing SNPs into /home/borja/Escritorio/Helsinki/Assemblies/results_gather/COVID2020-viaDBG-runs/quast_results/results_2020_09_25_16_06_10/combined_reference/contigs_reports/minimap_output/SRR1190502_contigs_fw_30_complete.used_snps.gz

Analysis is finished!
Founded SNPs were written into /home/borja/Escritorio/Helsinki/Assemblies/results_gather/COVID2020-viaDBG-runs/quast_results/results_2020_09_25_16_06_10/combined_reference/contigs_reports/minimap_output/SRR1190502_contigs_fw_30_complete.used_snps.gz

Results:
	Local Misassemblies: 0
	Misassemblies: 0
		Relocations: 0
		Translocations: 0
		Interspecies translocations: 0
		Inversions: 0
	Potentially Misassembled Contigs (i/s translocations): 0
		Possible Misassemblies: 0
	Scaffold gap extensive misassemblies: 0
	Scaffold gap local misassemblies: 0
	Misassembled Contigs: 0
	Misassembled Contig Bases: 0
	Misassemblies Inter-Contig Overlap: 0
Unaligned Contigs: 0 + 0 part
Half Unaligned Contigs with Misassemblies: 0
Unaligned Contig Bases: 0

Ambiguously Mapped Contigs: 0
Total Bases in Ambiguously Mapped Contigs: 0
Extra Bases in Ambiguously Mapped Contigs: 0
Note that --allow-ambiguity option was set to "all" and each of these contigs was used several times.

	Covered Bases: 27880

	SNPs: 580
	Insertions: 2
	Deletions: 0

