/home/borja/Escritorio/Helsinki/Assemblies/results_gather/COVID2020-viaDBG-runs/quast-5.0.2/metaquast.py -r mers.fa SRR1191991/SRR1191991_fw_80_complete.fasta

Version: 5.0.2, 0bb1dd1b

System information:
  OS: Linux-5.4.0-42-generic-x86_64-with-debian-buster-sid (linux_64)
  Python version: 3.7.6
  CPUs number: 3

Started: 2020-09-25 16:07:05

Logging to /home/borja/Escritorio/Helsinki/Assemblies/results_gather/COVID2020-viaDBG-runs/quast_results/results_2020_09_25_16_07_05/metaquast.log
NOTICE: Maximum number of threads is set to 1 (use --threads option to set it manually)

Reference(s):
  mers.fa ==> mers
  All references were combined in combined_reference.fasta

Contigs:
  Pre-processing...
  SRR1191991/SRR1191991_fw_80_complete.fasta ==> SRR1191991_fw_80_complete

Starting quast.py for the combined reference...
(logging to /home/borja/Escritorio/Helsinki/Assemblies/results_gather/COVID2020-viaDBG-runs/quast_results/results_2020_09_25_16_07_05/combined_reference/quast.log)

Partitioning contigs into bins aligned to each reference..
  processing SRR1191991_fw_80_complete

Starting quast.py for the contigs aligned to mers... (logging to /home/borja/Escritorio/Helsinki/Assemblies/results_gather/COVID2020-viaDBG-runs/quast_results/results_2020_09_25_16_07_05/runs_per_reference/mers/quast.log)

Skipping quast.py for the contigs not aligned anywhere (everything is aligned!)

2020-09-25 16:07:17
Summarizing results...
  Drawing # contigs metaQUAST summary plot...
    saved to /home/borja/Escritorio/Helsinki/Assemblies/results_gather/COVID2020-viaDBG-runs/quast_results/results_2020_09_25_16_07_05/summary/PDF/num_contigs.pdf
  Drawing Largest contig metaQUAST summary plot...
    saved to /home/borja/Escritorio/Helsinki/Assemblies/results_gather/COVID2020-viaDBG-runs/quast_results/results_2020_09_25_16_07_05/summary/PDF/Largest_contig.pdf
  Drawing Total length metaQUAST summary plot...
    saved to /home/borja/Escritorio/Helsinki/Assemblies/results_gather/COVID2020-viaDBG-runs/quast_results/results_2020_09_25_16_07_05/summary/PDF/Total_length.pdf
  Drawing Largest alignment metaQUAST summary plot...
    saved to /home/borja/Escritorio/Helsinki/Assemblies/results_gather/COVID2020-viaDBG-runs/quast_results/results_2020_09_25_16_07_05/summary/PDF/Largest_alignment.pdf
  Drawing Total aligned length metaQUAST summary plot...
    saved to /home/borja/Escritorio/Helsinki/Assemblies/results_gather/COVID2020-viaDBG-runs/quast_results/results_2020_09_25_16_07_05/summary/PDF/Total_aligned_length.pdf
  Drawing Total length (>= 1000 bp) metaQUAST summary plot...
    saved to /home/borja/Escritorio/Helsinki/Assemblies/results_gather/COVID2020-viaDBG-runs/quast_results/results_2020_09_25_16_07_05/summary/PDF/Total_length_(ge_1000_bp).pdf
  Drawing Total length (>= 10000 bp) metaQUAST summary plot...
    saved to /home/borja/Escritorio/Helsinki/Assemblies/results_gather/COVID2020-viaDBG-runs/quast_results/results_2020_09_25_16_07_05/summary/PDF/Total_length_(ge_10000_bp).pdf
  Drawing Total length (>= 50000 bp) metaQUAST summary plot...
    saved to /home/borja/Escritorio/Helsinki/Assemblies/results_gather/COVID2020-viaDBG-runs/quast_results/results_2020_09_25_16_07_05/summary/PDF/Total_length_(ge_50000_bp).pdf
  Drawing # misassemblies metaQUAST summary plot...
    saved to /home/borja/Escritorio/Helsinki/Assemblies/results_gather/COVID2020-viaDBG-runs/quast_results/results_2020_09_25_16_07_05/summary/PDF/num_misassemblies.pdf
  Drawing metaQUAST summary misassemblies plot for SRR1191991_fw_80_complete...
    saved to /home/borja/Escritorio/Helsinki/Assemblies/results_gather/COVID2020-viaDBG-runs/quast_results/results_2020_09_25_16_07_05/summary/PDF/SRR1191991_fw_80_complete_misassemblies.pdf
  Drawing Misassembled contigs length metaQUAST summary plot...
    saved to /home/borja/Escritorio/Helsinki/Assemblies/results_gather/COVID2020-viaDBG-runs/quast_results/results_2020_09_25_16_07_05/summary/PDF/Misassembled_contigs_length.pdf
  Drawing # mismatches per 100 kbp metaQUAST summary plot...
    saved to /home/borja/Escritorio/Helsinki/Assemblies/results_gather/COVID2020-viaDBG-runs/quast_results/results_2020_09_25_16_07_05/summary/PDF/num_mismatches_per_100_kbp.pdf
  Drawing # indels per 100 kbp metaQUAST summary plot...
    saved to /home/borja/Escritorio/Helsinki/Assemblies/results_gather/COVID2020-viaDBG-runs/quast_results/results_2020_09_25_16_07_05/summary/PDF/num_indels_per_100_kbp.pdf
  Drawing # N's per 100 kbp metaQUAST summary plot...
    saved to /home/borja/Escritorio/Helsinki/Assemblies/results_gather/COVID2020-viaDBG-runs/quast_results/results_2020_09_25_16_07_05/summary/PDF/num_Ns_per_100_kbp.pdf
  Drawing Genome fraction (%) metaQUAST summary plot...
    saved to /home/borja/Escritorio/Helsinki/Assemblies/results_gather/COVID2020-viaDBG-runs/quast_results/results_2020_09_25_16_07_05/summary/PDF/Genome_fraction.pdf
  Drawing Duplication ratio metaQUAST summary plot...
    saved to /home/borja/Escritorio/Helsinki/Assemblies/results_gather/COVID2020-viaDBG-runs/quast_results/results_2020_09_25_16_07_05/summary/PDF/Duplication_ratio.pdf
  Drawing NGA50 metaQUAST summary plot...
    saved to /home/borja/Escritorio/Helsinki/Assemblies/results_gather/COVID2020-viaDBG-runs/quast_results/results_2020_09_25_16_07_05/summary/PDF/NGA50.pdf
  Drawing LGA50 metaQUAST summary plot...
    saved to /home/borja/Escritorio/Helsinki/Assemblies/results_gather/COVID2020-viaDBG-runs/quast_results/results_2020_09_25_16_07_05/summary/PDF/LGA50.pdf

  Text versions of reports and plots for each metric (for all references and assemblies) are saved to /home/borja/Escritorio/Helsinki/Assemblies/results_gather/COVID2020-viaDBG-runs/quast_results/results_2020_09_25_16_07_05/summary/
  Icarus (contig browser) is saved to /home/borja/Escritorio/Helsinki/Assemblies/results_gather/COVID2020-viaDBG-runs/quast_results/results_2020_09_25_16_07_05/icarus.html
  Extended version of HTML-report (for all references and assemblies) is saved to /home/borja/Escritorio/Helsinki/Assemblies/results_gather/COVID2020-viaDBG-runs/quast_results/results_2020_09_25_16_07_05/report.html

MetaQUAST finished.
  Log is saved to /home/borja/Escritorio/Helsinki/Assemblies/results_gather/COVID2020-viaDBG-runs/quast_results/results_2020_09_25_16_07_05/metaquast.log

Finished: 2020-09-25 16:07:20
Elapsed time: 0:00:15.097632
Total NOTICEs: 6; WARNINGs: 0; non-fatal ERRORs: 0

Thank you for using QUAST!
