/home/borja/Escritorio/Helsinki/Assemblies/results_gather/DatosTod/quast-5.0.2/quast.py --combined-ref --colors #E31A1C --ls solid --ambiguity-usage all SRR1191915/SRR1191915_fw_80_complete.fasta -R /home/borja/Escritorio/Helsinki/Assemblies/results_gather/DatosTod/quast_results/results_2020_09_25_09_44_52/quast_corrected_input/combined_reference.fasta -o /home/borja/Escritorio/Helsinki/Assemblies/results_gather/DatosTod/quast_results/results_2020_09_25_09_44_52/combined_reference --labels SRR1191915_fw_80_complete

Started: 2020-09-25 09:44:54

Logging to /home/borja/Escritorio/Helsinki/Assemblies/results_gather/DatosTod/quast_results/results_2020_09_25_09_44_52/combined_reference/quast.log
NOTICE: Maximum number of threads is set to 1 (use --threads option to set it manually)

CWD: /home/borja/Escritorio/Helsinki/Assemblies/results_gather/DatosTod
Main parameters: 
  MODE: meta, threads: 1, minimum contig length: 500, minimum alignment length: 65, ambiguity: all, \
  threshold for extensive misassembly size: 1000

Reference:
  /home/borja/Escritorio/Helsinki/Assemblies/results_gather/DatosTod/quast_results/results_2020_09_25_09_44_52/quast_corrected_input/combined_reference.fasta ==> combined_reference

Contigs:
  Pre-processing...
  SRR1191915/SRR1191915_fw_80_complete.fasta ==> SRR1191915_fw_80_complete

2020-09-25 09:44:54
Running Basic statistics processor...
  Reference genome:
    combined_reference.fasta, length = 30114, num fragments = 1, GC % = 41.12
  Contig files: 
    SRR1191915_fw_80_complete
  Calculating N50 and L50...
    SRR1191915_fw_80_complete, N50 = 13281, L50 = 8, Total length = 232126, GC % = 41.68, # N's per 100 kbp =  0.00
  Drawing Nx plot...
    saved to /home/borja/Escritorio/Helsinki/Assemblies/results_gather/DatosTod/quast_results/results_2020_09_25_09_44_52/combined_reference/basic_stats/Nx_plot.pdf
  Drawing cumulative plot...
    saved to /home/borja/Escritorio/Helsinki/Assemblies/results_gather/DatosTod/quast_results/results_2020_09_25_09_44_52/combined_reference/basic_stats/cumulative_plot.pdf
  Drawing GC content plot...
    saved to /home/borja/Escritorio/Helsinki/Assemblies/results_gather/DatosTod/quast_results/results_2020_09_25_09_44_52/combined_reference/basic_stats/GC_content_plot.pdf
  Drawing SRR1191915_fw_80_complete GC content plot...
    saved to /home/borja/Escritorio/Helsinki/Assemblies/results_gather/DatosTod/quast_results/results_2020_09_25_09_44_52/combined_reference/basic_stats/SRR1191915_fw_80_complete_GC_content_plot.pdf
Done.

2020-09-25 09:44:55
Running Contig analyzer...
Compiling Minimap2 (details are in /home/borja/Escritorio/Helsinki/Assemblies/results_gather/DatosTod/quast-5.0.2/quast_libs/minimap2/make.log and make.err)
make -C quast-5.0.2/quast_libs/minimap2 >> quast-5.0.2/quast_libs/minimap2/make.log \
2>> quast-5.0.2/quast_libs/minimap2/make.err
  SRR1191915_fw_80_complete
  Logging to files /home/borja/Escritorio/Helsinki/Assemblies/results_gather/DatosTod/quast_results/results_2020_09_25_09_44_52/combined_reference/contigs_reports/contigs_report_SRR1191915_fw_80_complete.stdout and contigs_report_SRR1191915_fw_80_complete.stderr...
  Aligning contigs to the reference
  quast-5.0.2/quast_libs/minimap2/minimap2 -c -x asm10 -B5 -O4,16 --no-long-join -r \
  85 -N 100 -s 65 -z 200 --mask-level 1 --min-occ 200 -g 2500 --score-N 2 --cs -t \
  1 quast_results/results_2020_09_25_09_44_52/quast_corrected_input/combined_reference.fasta \
  quast_results/results_2020_09_25_09_44_52/quast_corrected_input/SRR1191915_fw_80_complete.fasta \
  > quast_results/results_2020_09_25_09_44_52/combined_reference/contigs_reports/minimap_output/SRR1191915_fw_80_complete.coords_tmp \
  2>> quast_results/results_2020_09_25_09_44_52/combined_reference/contigs_reports/contigs_report_SRR1191915_fw_80_complete.stderr
  Alignments: quast_results/results_2020_09_25_09_44_52/combined_reference/contigs_reports/alignments_SRR1191915_fw_80_complete.tsv
  Analysis is finished.

  Information about interspecies translocations by references for SRR1191915_fw_80_complete is saved to /home/borja/Escritorio/Helsinki/Assemblies/results_gather/DatosTod/quast_results/results_2020_09_25_09_44_52/combined_reference/contigs_reports/interspecies_translocations_by_refs_SRR1191915_fw_80_complete.info
  Drawing Intergenomic misassemblies (found and supposed) metaQUAST summary plot...
    saved to /home/borja/Escritorio/Helsinki/Assemblies/results_gather/DatosTod/quast_results/results_2020_09_25_09_44_52/combined_reference/contigs_reports/intergenomic_misassemblies.pdf
  Creating total report...
    saved to /home/borja/Escritorio/Helsinki/Assemblies/results_gather/DatosTod/quast_results/results_2020_09_25_09_44_52/combined_reference/contigs_reports/misassemblies_report.txt, misassemblies_report.tsv, and misassemblies_report.tex
  Transposed version of total report...
    saved to /home/borja/Escritorio/Helsinki/Assemblies/results_gather/DatosTod/quast_results/results_2020_09_25_09_44_52/combined_reference/contigs_reports/transposed_report_misassemblies.txt, transposed_report_misassemblies.tsv, and transposed_report_misassemblies.tex
  Creating total report...
    saved to /home/borja/Escritorio/Helsinki/Assemblies/results_gather/DatosTod/quast_results/results_2020_09_25_09_44_52/combined_reference/contigs_reports/unaligned_report.txt, unaligned_report.tsv, and unaligned_report.tex
  Drawing misassemblies by types plot...
    saved to /home/borja/Escritorio/Helsinki/Assemblies/results_gather/DatosTod/quast_results/results_2020_09_25_09_44_52/combined_reference/contigs_reports/misassemblies_plot.pdf
  Drawing misassemblies FRCurve plot...
    saved to /home/borja/Escritorio/Helsinki/Assemblies/results_gather/DatosTod/quast_results/results_2020_09_25_09_44_52/combined_reference/contigs_reports/misassemblies_frcurve_plot.pdf
Done.

2020-09-25 09:45:03
Running NA-NGA calculation...
  SRR1191915_fw_80_complete, Largest alignment = 16102, NA50 = 13280, LA50 = 8
  Drawing cumulative plot...
    saved to /home/borja/Escritorio/Helsinki/Assemblies/results_gather/DatosTod/quast_results/results_2020_09_25_09_44_52/combined_reference/aligned_stats/cumulative_plot.pdf
  Drawing NAx plot...
    saved to /home/borja/Escritorio/Helsinki/Assemblies/results_gather/DatosTod/quast_results/results_2020_09_25_09_44_52/combined_reference/aligned_stats/NAx_plot.pdf
Done.

2020-09-25 09:45:04
Running Genome analyzer...
  NOTICE: No file with genomic features were provided. Use the --features option if you want to specify it.

  NOTICE: No file with operons were provided. Use the -O option if you want to specify it.
  SRR1191915_fw_80_complete
  Analysis is finished.
  Skipping drawing Genome fraction, % histogram... (less than 2 columns histogram makes no sense)
Done.

NOTICE: Genes are not predicted by default. Use --gene-finding or --glimmer option to enable it.

2020-09-25 09:45:04
Creating large visual summaries...
This may take a while: press Ctrl-C to skip this step..
  1 of 2: Creating Icarus viewers...
  2 of 2: Creating PDF with all tables and plots...
Done

2020-09-25 09:45:05
RESULTS:
  Text versions of total report are saved to /home/borja/Escritorio/Helsinki/Assemblies/results_gather/DatosTod/quast_results/results_2020_09_25_09_44_52/combined_reference/report.txt, report.tsv, and report.tex
  Text versions of transposed total report are saved to /home/borja/Escritorio/Helsinki/Assemblies/results_gather/DatosTod/quast_results/results_2020_09_25_09_44_52/combined_reference/transposed_report.txt, transposed_report.tsv, and transposed_report.tex
  HTML version (interactive tables and plots) is saved to /home/borja/Escritorio/Helsinki/Assemblies/results_gather/DatosTod/quast_results/results_2020_09_25_09_44_52/combined_reference/report.html
  PDF version (tables and plots) is saved to /home/borja/Escritorio/Helsinki/Assemblies/results_gather/DatosTod/quast_results/results_2020_09_25_09_44_52/combined_reference/report.pdf
  Icarus (contig browser) is saved to /home/borja/Escritorio/Helsinki/Assemblies/results_gather/DatosTod/quast_results/results_2020_09_25_09_44_52/combined_reference/icarus.html
